  Source.cpp
c:\users\manoj\source\repos\cg\cg\source.cpp(12): warning C4244: 'argument': conversion from 'double' to 'GLfloat', possible loss of data
c:\users\manoj\source\repos\cg\cg\source.cpp(13): warning C4244: '=': conversion from 'double' to 'int', possible loss of data
c:\users\manoj\source\repos\cg\cg\source.cpp(31): warning C4244: 'argument': conversion from 'GLdouble' to 'GLfloat', possible loss of data
c:\users\manoj\source\repos\cg\cg\source.cpp(247): warning C4305: 'argument': truncation from 'double' to 'GLfloat'
c:\users\manoj\source\repos\cg\cg\source.cpp(252): warning C4305: 'argument': truncation from 'double' to 'GLfloat'
c:\users\manoj\source\repos\cg\cg\source.cpp(257): warning C4305: 'argument': truncation from 'double' to 'GLfloat'
c:\users\manoj\source\repos\cg\cg\source.cpp(367): warning C4305: 'argument': truncation from 'double' to 'GLfloat'
c:\users\manoj\source\repos\cg\cg\source.cpp(411): warning C4305: 'argument': truncation from 'double' to 'GLfloat'
c:\users\manoj\source\repos\cg\cg\source.cpp(420): warning C4305: 'argument': truncation from 'double' to 'GLfloat'
c:\users\manoj\source\repos\cg\cg\source.cpp(676): warning C4305: 'argument': truncation from 'double' to 'GLfloat'
c:\users\manoj\source\repos\cg\cg\source.cpp(681): warning C4305: 'argument': truncation from 'double' to 'GLfloat'
c:\users\manoj\source\repos\cg\cg\source.cpp(686): warning C4305: 'argument': truncation from 'double' to 'GLfloat'
c:\users\manoj\source\repos\cg\cg\source.cpp(804): warning C4305: 'argument': truncation from 'double' to 'GLfloat'
c:\users\manoj\source\repos\cg\cg\source.cpp(848): warning C4305: 'argument': truncation from 'double' to 'GLfloat'
c:\users\manoj\source\repos\cg\cg\source.cpp(857): warning C4305: 'argument': truncation from 'double' to 'GLfloat'
c:\users\manoj\source\repos\cg\cg\source.cpp(919): warning C4305: 'argument': truncation from 'double' to 'GLfloat'
c:\users\manoj\source\repos\cg\cg\source.cpp(1022): warning C4305: 'argument': truncation from 'double' to 'GLfloat'
c:\users\manoj\source\repos\cg\cg\source.cpp(1038): warning C4305: 'argument': truncation from 'double' to 'GLfloat'
c:\users\manoj\source\repos\cg\cg\source.cpp(1046): warning C4305: 'argument': truncation from 'double' to 'GLfloat'
c:\users\manoj\source\repos\cg\cg\source.cpp(1066): warning C4305: 'argument': truncation from 'double' to 'GLfloat'
c:\users\manoj\source\repos\cg\cg\source.cpp(1075): warning C4305: 'argument': truncation from 'double' to 'GLfloat'
c:\users\manoj\source\repos\cg\cg\source.cpp(1083): warning C4305: 'argument': truncation from 'double' to 'GLfloat'
c:\users\manoj\source\repos\cg\cg\source.cpp(1097): warning C4305: 'argument': truncation from 'double' to 'GLfloat'
c:\users\manoj\source\repos\cg\cg\source.cpp(1105): warning C4305: 'argument': truncation from 'double' to 'GLfloat'
c:\users\manoj\source\repos\cg\cg\source.cpp(1112): warning C4305: 'argument': truncation from 'double' to 'GLfloat'
c:\users\manoj\source\repos\cg\cg\source.cpp(1121): warning C4305: 'argument': truncation from 'double' to 'GLfloat'
c:\users\manoj\source\repos\cg\cg\source.cpp(1129): warning C4305: 'argument': truncation from 'double' to 'GLfloat'
c:\users\manoj\source\repos\cg\cg\source.cpp(1137): warning C4305: 'argument': truncation from 'double' to 'GLfloat'
c:\users\manoj\source\repos\cg\cg\source.cpp(1154): warning C4305: 'argument': truncation from 'double' to 'GLfloat'
c:\users\manoj\source\repos\cg\cg\source.cpp(1162): warning C4305: 'argument': truncation from 'double' to 'GLfloat'
c:\users\manoj\source\repos\cg\cg\source.cpp(1170): warning C4305: 'argument': truncation from 'double' to 'GLfloat'
c:\users\manoj\source\repos\cg\cg\source.cpp(1205): warning C4305: 'argument': truncation from 'double' to 'GLfloat'
c:\users\manoj\source\repos\cg\cg\source.cpp(1217): warning C4305: 'argument': truncation from 'double' to 'GLfloat'
c:\users\manoj\source\repos\cg\cg\source.cpp(1227): warning C4305: 'argument': truncation from 'double' to 'GLfloat'
c:\users\manoj\source\repos\cg\cg\source.cpp(1228): warning C4305: 'argument': truncation from 'double' to 'GLfloat'
c:\users\manoj\source\repos\cg\cg\source.cpp(1234): warning C4305: 'argument': truncation from 'double' to 'GLfloat'
c:\users\manoj\source\repos\cg\cg\source.cpp(1235): warning C4305: 'argument': truncation from 'double' to 'GLfloat'
c:\users\manoj\source\repos\cg\cg\source.cpp(1327): warning C4305: 'argument': truncation from 'double' to 'GLfloat'
c:\users\manoj\source\repos\cg\cg\source.cpp(1328): warning C4305: 'argument': truncation from 'double' to 'GLfloat'
c:\users\manoj\source\repos\cg\cg\source.cpp(1334): warning C4305: 'argument': truncation from 'double' to 'GLfloat'
c:\users\manoj\source\repos\cg\cg\source.cpp(1335): warning C4305: 'argument': truncation from 'double' to 'GLfloat'
c:\users\manoj\source\repos\cg\cg\source.cpp(1341): warning C4305: 'argument': truncation from 'double' to 'GLfloat'
c:\users\manoj\source\repos\cg\cg\source.cpp(1342): warning C4305: 'argument': truncation from 'double' to 'GLfloat'
c:\users\manoj\source\repos\cg\cg\source.cpp(1348): warning C4305: 'argument': truncation from 'double' to 'GLfloat'
c:\users\manoj\source\repos\cg\cg\source.cpp(1349): warning C4305: 'argument': truncation from 'double' to 'GLfloat'
c:\users\manoj\source\repos\cg\cg\source.cpp(1445): warning C4305: 'argument': truncation from 'double' to 'GLfloat'
c:\users\manoj\source\repos\cg\cg\source.cpp(1489): warning C4305: 'argument': truncation from 'double' to 'GLfloat'
c:\users\manoj\source\repos\cg\cg\source.cpp(1498): warning C4305: 'argument': truncation from 'double' to 'GLfloat'
c:\users\manoj\source\repos\cg\cg\source.cpp(1605): warning C4305: 'argument': truncation from 'double' to 'GLfloat'
c:\users\manoj\source\repos\cg\cg\source.cpp(1615): warning C4305: 'argument': truncation from 'double' to 'GLfloat'
c:\users\manoj\source\repos\cg\cg\source.cpp(1616): warning C4305: 'argument': truncation from 'double' to 'GLfloat'
c:\users\manoj\source\repos\cg\cg\source.cpp(1622): warning C4305: 'argument': truncation from 'double' to 'GLfloat'
c:\users\manoj\source\repos\cg\cg\source.cpp(1623): warning C4305: 'argument': truncation from 'double' to 'GLfloat'
c:\users\manoj\source\repos\cg\cg\source.cpp(1746): warning C4305: 'argument': truncation from 'double' to 'GLfloat'
c:\users\manoj\source\repos\cg\cg\source.cpp(1790): warning C4305: 'argument': truncation from 'double' to 'GLfloat'
c:\users\manoj\source\repos\cg\cg\source.cpp(1799): warning C4305: 'argument': truncation from 'double' to 'GLfloat'
c:\users\manoj\source\repos\cg\cg\source.cpp(1861): warning C4305: 'argument': truncation from 'double' to 'GLfloat'
c:\users\manoj\source\repos\cg\cg\source.cpp(1878): warning C4305: 'argument': truncation from 'double' to 'GLfloat'
c:\users\manoj\source\repos\cg\cg\source.cpp(1886): warning C4305: 'argument': truncation from 'double' to 'GLfloat'
c:\users\manoj\source\repos\cg\cg\source.cpp(1894): warning C4305: 'argument': truncation from 'double' to 'GLfloat'
c:\users\manoj\source\repos\cg\cg\source.cpp(1943): warning C4305: 'argument': truncation from 'double' to 'GLfloat'
c:\users\manoj\source\repos\cg\cg\source.cpp(1953): warning C4305: 'argument': truncation from 'double' to 'GLfloat'
c:\users\manoj\source\repos\cg\cg\source.cpp(1954): warning C4305: 'argument': truncation from 'double' to 'GLfloat'
c:\users\manoj\source\repos\cg\cg\source.cpp(1960): warning C4305: 'argument': truncation from 'double' to 'GLfloat'
c:\users\manoj\source\repos\cg\cg\source.cpp(1961): warning C4305: 'argument': truncation from 'double' to 'GLfloat'
c:\users\manoj\source\repos\cg\cg\source.cpp(2065): warning C4305: '+=': truncation from 'double' to 'GLfloat'
c:\users\manoj\source\repos\cg\cg\source.cpp(2066): warning C4305: '+=': truncation from 'double' to 'GLfloat'
c:\users\manoj\source\repos\cg\cg\source.cpp(2067): warning C4305: '+=': truncation from 'double' to 'GLfloat'
c:\users\manoj\source\repos\cg\cg\source.cpp(2068): warning C4305: '+=': truncation from 'double' to 'GLfloat'
c:\users\manoj\source\repos\cg\cg\source.cpp(2069): warning C4305: '+=': truncation from 'double' to 'GLfloat'
c:\users\manoj\source\repos\cg\cg\source.cpp(2092): warning C4305: 'argument': truncation from 'double' to 'GLfloat'
c:\users\manoj\source\repos\cg\cg\source.cpp(2099): warning C4305: 'argument': truncation from 'double' to 'GLfloat'
c:\users\manoj\source\repos\cg\cg\source.cpp(2118): warning C4244: 'argument': conversion from 'GLint' to 'GLfloat', possible loss of data
c:\users\manoj\source\repos\cg\cg\source.cpp(2131): warning C4305: 'argument': truncation from 'double' to 'GLfloat'
c:\users\manoj\source\repos\cg\cg\source.cpp(2157): warning C4305: '+=': truncation from 'double' to 'GLfloat'
c:\users\manoj\source\repos\cg\cg\source.cpp(2158): warning C4305: '+=': truncation from 'double' to 'GLfloat'
c:\users\manoj\source\repos\cg\cg\source.cpp(2159): warning C4305: '+=': truncation from 'double' to 'GLfloat'
c:\users\manoj\source\repos\cg\cg\source.cpp(2160): warning C4305: '+=': truncation from 'double' to 'GLfloat'
c:\users\manoj\source\repos\cg\cg\source.cpp(2161): warning C4305: '+=': truncation from 'double' to 'GLfloat'
c:\users\manoj\source\repos\cg\cg\source.cpp(2218): warning C4305: 'argument': truncation from 'double' to 'GLfloat'
c:\users\manoj\source\repos\cg\cg\source.cpp(2227): warning C4244: 'argument': conversion from 'GLint' to 'GLfloat', possible loss of data
c:\users\manoj\source\repos\cg\cg\source.cpp(2241): warning C4305: 'argument': truncation from 'double' to 'GLfloat'
c:\users\manoj\source\repos\cg\cg\source.cpp(2268): warning C4305: 'argument': truncation from 'double' to 'GLclampf'
c:\users\manoj\source\repos\cg\cg\source.cpp(2284): warning C4244: 'argument': conversion from 'GLint' to 'GLfloat', possible loss of data
c:\users\manoj\source\repos\cg\cg\source.cpp(2315): warning C4305: '+=': truncation from 'double' to 'GLfloat'
c:\users\manoj\source\repos\cg\cg\source.cpp(2316): warning C4305: '+=': truncation from 'double' to 'GLfloat'
c:\users\manoj\source\repos\cg\cg\source.cpp(2317): warning C4305: '+=': truncation from 'double' to 'GLfloat'
c:\users\manoj\source\repos\cg\cg\source.cpp(2318): warning C4305: '+=': truncation from 'double' to 'GLfloat'
c:\users\manoj\source\repos\cg\cg\source.cpp(2319): warning C4305: '+=': truncation from 'double' to 'GLfloat'
c:\users\manoj\source\repos\cg\cg\source.cpp(2323): warning C4305: 'argument': truncation from 'double' to 'GLclampf'
c:\users\manoj\source\repos\cg\cg\source.cpp(2348): warning C4305: 'argument': truncation from 'double' to 'GLfloat'
c:\users\manoj\source\repos\cg\cg\source.cpp(2355): warning C4305: 'argument': truncation from 'double' to 'GLfloat'
c:\users\manoj\source\repos\cg\cg\source.cpp(2365): warning C4244: 'argument': conversion from 'GLint' to 'GLfloat', possible loss of data
c:\users\manoj\source\repos\cg\cg\source.cpp(2385): warning C4305: '+=': truncation from 'double' to 'GLfloat'
c:\users\manoj\source\repos\cg\cg\source.cpp(2386): warning C4305: '+=': truncation from 'double' to 'GLfloat'
c:\users\manoj\source\repos\cg\cg\source.cpp(2387): warning C4305: '+=': truncation from 'double' to 'GLfloat'
c:\users\manoj\source\repos\cg\cg\source.cpp(2388): warning C4305: '+=': truncation from 'double' to 'GLfloat'
c:\users\manoj\source\repos\cg\cg\source.cpp(2389): warning C4305: '+=': truncation from 'double' to 'GLfloat'
c:\users\manoj\source\repos\cg\cg\source.cpp(2418): warning C4305: 'argument': truncation from 'double' to 'GLfloat'
c:\users\manoj\source\repos\cg\cg\source.cpp(2425): warning C4305: 'argument': truncation from 'double' to 'GLfloat'
c:\users\manoj\source\repos\cg\cg\source.cpp(2444): warning C4244: 'argument': conversion from 'GLint' to 'GLfloat', possible loss of data
c:\users\manoj\source\repos\cg\cg\source.cpp(2464): warning C4305: '+=': truncation from 'double' to 'GLfloat'
c:\users\manoj\source\repos\cg\cg\source.cpp(2465): warning C4305: '+=': truncation from 'double' to 'GLfloat'
c:\users\manoj\source\repos\cg\cg\source.cpp(2466): warning C4305: '+=': truncation from 'double' to 'GLfloat'
c:\users\manoj\source\repos\cg\cg\source.cpp(2467): warning C4305: '+=': truncation from 'double' to 'GLfloat'
c:\users\manoj\source\repos\cg\cg\source.cpp(2468): warning C4305: '+=': truncation from 'double' to 'GLfloat'
c:\users\manoj\source\repos\cg\cg\source.cpp(2511): warning C4305: 'argument': truncation from 'double' to 'GLfloat'
c:\users\manoj\source\repos\cg\cg\source.cpp(2520): warning C4244: 'argument': conversion from 'GLint' to 'GLfloat', possible loss of data
c:\users\manoj\source\repos\cg\cg\source.cpp(2540): warning C4305: 'argument': truncation from 'double' to 'GLclampf'
c:\users\manoj\source\repos\cg\cg\source.cpp(2560): warning C4326: return type of 'main' should be 'int' instead of 'void'
  cg.vcxproj -> C:\Users\manoj\source\repos\cg\Debug\cg.exe
